  ShyEngine.cpp
C:\Users\nicol\OneDrive\Desktop\Git projects\shy-engine\ShyEngine\ShyEngine\includes\engine\modules\ParticleSystem.h(79,37): warning C4244: 'return': conversion from 'int' to 'float', possible loss of data
C:\Users\nicol\OneDrive\Desktop\Git projects\shy-engine\ShyEngine\ShyEngine\includes\engine\systems\Renderer.h(202,2): warning C4018: '<': signed/unsigned mismatch
C:\Users\nicol\OneDrive\Desktop\Git projects\shy-engine\ShyEngine\ShyEngine\includes\engine\systems\Renderer.h(178): message : while compiling class template member function 'void ShyEngine::Renderer<ShyEngine::Text,ShyEngine::Glyph>::createRenderBatches(void)'
C:\Users\nicol\OneDrive\Desktop\Git projects\shy-engine\ShyEngine\ShyEngine\includes\engine\systems\TextRenderer.h(13): message : see reference to class template instantiation 'ShyEngine::Renderer<ShyEngine::Text,ShyEngine::Glyph>' being compiled
  CircleCollider2D.cpp
  Collider2D.cpp
  RectCollider2D.cpp
  CollisionManager.cpp
C:\Users\nicol\OneDrive\Desktop\Git projects\shy-engine\ShyEngine\ShyEngine\sources\engine\systems\CollisionManager.cpp(17,18): warning C4018: '<': signed/unsigned mismatch
C:\Users\nicol\OneDrive\Desktop\Git projects\shy-engine\ShyEngine\ShyEngine\sources\engine\systems\CollisionManager.cpp(19,21): warning C4018: '<': signed/unsigned mismatch
C:\Users\nicol\OneDrive\Desktop\Git projects\shy-engine\ShyEngine\ShyEngine\sources\engine\systems\CollisionManager.cpp(28,23): warning C4018: '<': signed/unsigned mismatch
C:\Users\nicol\OneDrive\Desktop\Git projects\shy-engine\ShyEngine\ShyEngine\sources\engine\systems\CollisionManager.cpp(126,77): warning C4244: 'argument': conversion from 'T' to 'int', possible loss of data
          with
          [
              T=float
          ]
C:\Users\nicol\OneDrive\Desktop\Git projects\shy-engine\ShyEngine\ShyEngine\sources\engine\systems\CollisionManager.cpp(126,63): warning C4244: 'argument': conversion from 'T' to 'int', possible loss of data
          with
          [
              T=float
          ]
C:\Users\nicol\OneDrive\Desktop\Git projects\shy-engine\ShyEngine\ShyEngine\sources\engine\systems\CollisionManager.cpp(127,84): warning C4244: 'argument': conversion from 'float' to 'int', possible loss of data
C:\Users\nicol\OneDrive\Desktop\Git projects\shy-engine\ShyEngine\ShyEngine\sources\engine\systems\CollisionManager.cpp(127,58): warning C4244: 'argument': conversion from 'float' to 'int', possible loss of data
  ShyEngine.vcxproj -> C:\Users\nicol\OneDrive\Desktop\Git projects\shy-engine\ShyEngine\Release\ShyEngine.lib
