c:\users\nicol\onedrive\desktop\git projects\shy-engine\shyengine\shyengine\release\shyengine.pdb
c:\users\nicol\onedrive\desktop\git projects\shy-engine\shyengine\shyengine\release\utility.obj
c:\users\nicol\onedrive\desktop\git projects\shy-engine\shyengine\shyengine\release\texturecache.obj
c:\users\nicol\onedrive\desktop\git projects\shy-engine\shyengine\shyengine\release\sprite.obj
c:\users\nicol\onedrive\desktop\git projects\shy-engine\shyengine\shyengine\release\shaderprogram.obj
c:\users\nicol\onedrive\desktop\git projects\shy-engine\shyengine\shyengine\release\resourcesmanager.obj
c:\users\nicol\onedrive\desktop\git projects\shy-engine\shyengine\shyengine\release\picopng.obj
c:\users\nicol\onedrive\desktop\git projects\shy-engine\shyengine\shyengine\release\input.obj
c:\users\nicol\onedrive\desktop\git projects\shy-engine\shyengine\shyengine\release\imageloader.obj
c:\users\nicol\onedrive\desktop\git projects\shy-engine\shyengine\shyengine\release\error.obj
c:\users\nicol\onedrive\desktop\git projects\shy-engine\shyengine\shyengine\release\engineio.obj
c:\users\nicol\onedrive\desktop\git projects\shy-engine\shyengine\shyengine\release\window.obj
c:\users\nicol\onedrive\desktop\git projects\shy-engine\shyengine\shyengine\release\timing.obj
c:\users\nicol\onedrive\desktop\git projects\shy-engine\shyengine\shyengine\release\spritebatch.obj
c:\users\nicol\onedrive\desktop\git projects\shy-engine\shyengine\shyengine\release\shyengine.obj
c:\users\nicol\onedrive\desktop\git projects\shy-engine\shyengine\shyengine\release\camera2d.obj
c:\users\nicol\onedrive\desktop\git projects\shy-engine\shyengine\shyengine\release\spritefont.obj
c:\users\nicol\onedrive\desktop\git projects\shy-engine\shyengine\shyengine\release\spatialgrid.obj
c:\users\nicol\onedrive\desktop\git projects\shy-engine\shyengine\shyengine\release\screenlist.obj
c:\users\nicol\onedrive\desktop\git projects\shy-engine\shyengine\shyengine\release\particleengine2d.obj
c:\users\nicol\onedrive\desktop\git projects\shy-engine\shyengine\shyengine\release\particlebatch2d.obj
c:\users\nicol\onedrive\desktop\git projects\shy-engine\shyengine\shyengine\release\imaingame.obj
c:\users\nicol\onedrive\desktop\git projects\shy-engine\shyengine\shyengine\release\audioengine.obj
c:\users\nicol\onedrive\desktop\git projects\shy-engine\shyengine\shyengine\release\box.obj
c:\users\nicol\onedrive\desktop\git projects\shy-engine\shyengine\shyengine\release\eventbus.obj
c:\users\nicol\onedrive\desktop\git projects\shy-engine\shyengine\shyengine\release\spriterenderer.obj
c:\users\nicol\onedrive\desktop\git projects\shy-engine\shyengine\shyengine\release\system.obj
c:\users\nicol\onedrive\desktop\git projects\shy-engine\shyengine\shyengine\release\transform.obj
c:\users\nicol\onedrive\desktop\git projects\shy-engine\shyengine\shyengine\release\physics.obj
c:\users\nicol\onedrive\desktop\git projects\shy-engine\shyengine\shyengine\release\camera.obj
c:\users\nicol\onedrive\desktop\git projects\shy-engine\shyengine\shyengine\release\module.obj
c:\users\nicol\onedrive\desktop\git projects\shy-engine\shyengine\shyengine\release\entity.obj
c:\users\nicol\onedrive\desktop\git projects\shy-engine\shyengine\shyengine\release\idgenerator.obj
c:\users\nicol\onedrive\desktop\git projects\shy-engine\shyengine\shyengine\release\textrenderer.obj
c:\users\nicol\onedrive\desktop\git projects\shy-engine\shyengine\shyengine\release\text.obj
c:\users\nicol\onedrive\desktop\git projects\shy-engine\shyengine\shyengine\release\glyph.obj
c:\users\nicol\onedrive\desktop\git projects\shy-engine\shyengine\shyengine\release\particlerenderer.obj
c:\users\nicol\onedrive\desktop\git projects\shy-engine\shyengine\shyengine\release\particlesystem.obj
c:\users\nicol\onedrive\desktop\git projects\shy-engine\shyengine\shyengine\release\particle.obj
c:\users\nicol\onedrive\desktop\git projects\shy-engine\shyengine\shyengine\release\collisionmanager.obj
c:\users\nicol\onedrive\desktop\git projects\shy-engine\shyengine\shyengine\release\rectcollider2d.obj
c:\users\nicol\onedrive\desktop\git projects\shy-engine\shyengine\shyengine\release\collider2d.obj
c:\users\nicol\onedrive\desktop\git projects\shy-engine\shyengine\shyengine\release\circlecollider2d.obj
c:\users\nicol\onedrive\desktop\git projects\shy-engine\shyengine\shyengine\release\physicsmanager.obj
c:\users\nicol\onedrive\desktop\git projects\shy-engine\shyengine\shyengine\release\collidable.obj
c:\users\nicol\onedrive\desktop\git projects\shy-engine\shyengine\shyengine\release\classes.obj
c:\users\nicol\onedrive\desktop\git projects\shy-engine\shyengine\release\shyengine.lib
c:\users\nicol\onedrive\desktop\git projects\shy-engine\shyengine\shyengine\release\shyengine.tlog\cl.command.1.tlog
c:\users\nicol\onedrive\desktop\git projects\shy-engine\shyengine\shyengine\release\shyengine.tlog\cl.read.1.tlog
c:\users\nicol\onedrive\desktop\git projects\shy-engine\shyengine\shyengine\release\shyengine.tlog\cl.write.1.tlog
c:\users\nicol\onedrive\desktop\git projects\shy-engine\shyengine\shyengine\release\shyengine.tlog\lib-link.read.1.tlog
c:\users\nicol\onedrive\desktop\git projects\shy-engine\shyengine\shyengine\release\shyengine.tlog\lib-link.write.1.tlog
c:\users\nicol\onedrive\desktop\git projects\shy-engine\shyengine\shyengine\release\shyengine.tlog\lib.command.1.tlog
