  BunnyGenerator.cpp
C:\Users\nicol\OneDrive\Desktop\Git projects\shy-engine\ShyEngine\ShyEngine\includes\engine\modules\ParticleSystem.h(79,37): warning C4244: 'return': conversion from 'int' to 'float', possible loss of data
C:\Users\nicol\OneDrive\Desktop\Git projects\shy-engine\ShyEngine\ShyEngine\includes\engine\systems\Renderer.h(207,2): warning C4018: '<': signed/unsigned mismatch
C:\Users\nicol\OneDrive\Desktop\Git projects\shy-engine\ShyEngine\ShyEngine\includes\engine\systems\Renderer.h(183): message : while compiling class template member function 'void ShyEngine::Renderer<ShyEngine::Text,ShyEngine::Glyph>::createRenderBatches(void)'
C:\Users\nicol\OneDrive\Desktop\Git projects\shy-engine\ShyEngine\ShyEngine\includes\engine\systems\TextRenderer.h(13): message : see reference to class template instantiation 'ShyEngine::Renderer<ShyEngine::Text,ShyEngine::Glyph>' being compiled
  CameraMover.cpp
C:\Users\nicol\OneDrive\Desktop\Git projects\shy-engine\ShyEngine\ShyEngine\includes\engine\modules\ParticleSystem.h(79,37): warning C4244: 'return': conversion from 'int' to 'float', possible loss of data
C:\Users\nicol\OneDrive\Desktop\Git projects\shy-engine\ShyEngine\ShyEngine\includes\engine\systems\Renderer.h(207,2): warning C4018: '<': signed/unsigned mismatch
C:\Users\nicol\OneDrive\Desktop\Git projects\shy-engine\ShyEngine\ShyEngine\includes\engine\systems\Renderer.h(183): message : while compiling class template member function 'void ShyEngine::Renderer<ShyEngine::Text,ShyEngine::Glyph>::createRenderBatches(void)'
C:\Users\nicol\OneDrive\Desktop\Git projects\shy-engine\ShyEngine\ShyEngine\includes\engine\systems\TextRenderer.h(13): message : see reference to class template instantiation 'ShyEngine::Renderer<ShyEngine::Text,ShyEngine::Glyph>' being compiled
  MainGame.cpp
C:\Users\nicol\OneDrive\Desktop\Git projects\shy-engine\ShyEngine\ShyEngine\includes\engine\modules\ParticleSystem.h(79,37): warning C4244: 'return': conversion from 'int' to 'float', possible loss of data
C:\Users\nicol\OneDrive\Desktop\Git projects\shy-engine\ShyEngine\ShyEngine\includes\engine\systems\Renderer.h(207,2): warning C4018: '<': signed/unsigned mismatch
C:\Users\nicol\OneDrive\Desktop\Git projects\shy-engine\ShyEngine\ShyEngine\includes\engine\systems\Renderer.h(183): message : while compiling class template member function 'void ShyEngine::Renderer<ShyEngine::Text,ShyEngine::Glyph>::createRenderBatches(void)'
C:\Users\nicol\OneDrive\Desktop\Git projects\shy-engine\ShyEngine\ShyEngine\includes\engine\systems\TextRenderer.h(13): message : see reference to class template instantiation 'ShyEngine::Renderer<ShyEngine::Text,ShyEngine::Glyph>' being compiled
  Generating code
  20 of 2641 functions ( 0.8%) were compiled, the rest were copied from previous compilation.
    0 functions were new in current compilation
    3 functions had inline decision re-evaluated but remain unchanged
  Finished generating code
  UnsettledEngine.vcxproj -> C:\Users\nicol\OneDrive\Desktop\Git projects\shy-engine\ShyEngine\Release\SampleGame.exe
