  ShyEngine.cpp
C:\Users\nicol\OneDrive\Desktop\Git projects\shy-engine\ShyEngine\ShyEngine\includes\engine\modules\ParticleSystem.h(79,37): warning C4244: 'return': conversion from 'int' to 'float', possible loss of data
C:\Users\nicol\OneDrive\Desktop\Git projects\shy-engine\ShyEngine\ShyEngine\includes\engine\systems\Renderer.h(246,2): warning C4018: '<': signed/unsigned mismatch
C:\Users\nicol\OneDrive\Desktop\Git projects\shy-engine\ShyEngine\ShyEngine\includes\engine\systems\Renderer.h(208): message : while compiling class template member function 'void ShyEngine::Renderer<ShyEngine::Text,ShyEngine::Glyph>::createRenderBatches(void)'
C:\Users\nicol\OneDrive\Desktop\Git projects\shy-engine\ShyEngine\ShyEngine\includes\engine\systems\TextRenderer.h(13): message : see reference to class template instantiation 'ShyEngine::Renderer<ShyEngine::Text,ShyEngine::Glyph>' being compiled
  ParticleRenderer.cpp
C:\Users\nicol\OneDrive\Desktop\Git projects\shy-engine\ShyEngine\ShyEngine\includes\engine\modules\ParticleSystem.h(79,37): warning C4244: 'return': conversion from 'int' to 'float', possible loss of data
C:\Users\nicol\OneDrive\Desktop\Git projects\shy-engine\ShyEngine\ShyEngine\sources\engine\systems\ParticleRenderer.cpp(19,22): warning C4018: '<': signed/unsigned mismatch
C:\Users\nicol\OneDrive\Desktop\Git projects\shy-engine\ShyEngine\ShyEngine\sources\engine\systems\ParticleRenderer.cpp(37,22): warning C4018: '<': signed/unsigned mismatch
C:\Users\nicol\OneDrive\Desktop\Git projects\shy-engine\ShyEngine\ShyEngine\includes\engine\systems\Renderer.h(246,2): warning C4018: '<': signed/unsigned mismatch
C:\Users\nicol\OneDrive\Desktop\Git projects\shy-engine\ShyEngine\ShyEngine\includes\engine\systems\Renderer.h(208): message : while compiling class template member function 'void ShyEngine::Renderer<ShyEngine::ParticleSystem,ShyEngine::Particle>::createRenderBatches(void)'
C:\Users\nicol\OneDrive\Desktop\Git projects\shy-engine\ShyEngine\ShyEngine\includes\engine\systems\ParticleRenderer.h(14): message : see reference to class template instantiation 'ShyEngine::Renderer<ShyEngine::ParticleSystem,ShyEngine::Particle>' being compiled
  SpriteRenderer.cpp
C:\Users\nicol\OneDrive\Desktop\Git projects\shy-engine\ShyEngine\ShyEngine\includes\engine\systems\Renderer.h(246,2): warning C4018: '<': signed/unsigned mismatch
C:\Users\nicol\OneDrive\Desktop\Git projects\shy-engine\ShyEngine\ShyEngine\includes\engine\systems\Renderer.h(208): message : while compiling class template member function 'void ShyEngine::Renderer<ShyEngine::Sprite,ShyEngine::Sprite>::createRenderBatches(void)'
C:\Users\nicol\OneDrive\Desktop\Git projects\shy-engine\ShyEngine\ShyEngine\includes\engine\systems\SpriteRenderer.h(13): message : see reference to class template instantiation 'ShyEngine::Renderer<ShyEngine::Sprite,ShyEngine::Sprite>' being compiled
  TextRenderer.cpp
C:\Users\nicol\OneDrive\Desktop\Git projects\shy-engine\ShyEngine\ShyEngine\sources\engine\systems\TextRenderer.cpp(18,10): warning C4101: 'currText': unreferenced local variable
C:\Users\nicol\OneDrive\Desktop\Git projects\shy-engine\ShyEngine\ShyEngine\includes\engine\systems\Renderer.h(246,2): warning C4018: '<': signed/unsigned mismatch
C:\Users\nicol\OneDrive\Desktop\Git projects\shy-engine\ShyEngine\ShyEngine\includes\engine\systems\Renderer.h(208): message : while compiling class template member function 'void ShyEngine::Renderer<ShyEngine::Text,ShyEngine::Glyph>::createRenderBatches(void)'
C:\Users\nicol\OneDrive\Desktop\Git projects\shy-engine\ShyEngine\ShyEngine\includes\engine\systems\TextRenderer.h(13): message : see reference to class template instantiation 'ShyEngine::Renderer<ShyEngine::Text,ShyEngine::Glyph>' being compiled
  Generating Code...
  ShyEngine.vcxproj -> C:\Users\nicol\OneDrive\Desktop\Git projects\shy-engine\ShyEngine\Debug\ShyEngine.lib
