c:\users\nicol\onedrive\desktop\git projects\shy-engine\shyengine\shyengine\debug\shyengine.pdb
c:\users\nicol\onedrive\desktop\git projects\shy-engine\shyengine\shyengine\debug\shyengine.idb
c:\users\nicol\onedrive\desktop\git projects\shy-engine\shyengine\shyengine\debug\spatialgrid.obj
c:\users\nicol\onedrive\desktop\git projects\shy-engine\shyengine\shyengine\debug\imaingame.obj
c:\users\nicol\onedrive\desktop\git projects\shy-engine\shyengine\shyengine\debug\spritebatch.obj
c:\users\nicol\onedrive\desktop\git projects\shy-engine\shyengine\shyengine\debug\sprite.obj
c:\users\nicol\onedrive\desktop\git projects\shy-engine\shyengine\shyengine\debug\shaderprogram.obj
c:\users\nicol\onedrive\desktop\git projects\shy-engine\shyengine\shyengine\debug\particleengine2d.obj
c:\users\nicol\onedrive\desktop\git projects\shy-engine\shyengine\shyengine\debug\particlebatch2d.obj
c:\users\nicol\onedrive\desktop\git projects\shy-engine\shyengine\shyengine\debug\engineio.obj
c:\users\nicol\onedrive\desktop\git projects\shy-engine\shyengine\shyengine\debug\camera2d.obj
c:\users\nicol\onedrive\desktop\git projects\shy-engine\shyengine\shyengine\debug\box.obj
c:\users\nicol\onedrive\desktop\git projects\shy-engine\shyengine\shyengine\debug\input.obj
c:\users\nicol\onedrive\desktop\git projects\shy-engine\shyengine\shyengine\debug\eventbus.obj
c:\users\nicol\onedrive\desktop\git projects\shy-engine\shyengine\shyengine\debug\system.obj
c:\users\nicol\onedrive\desktop\git projects\shy-engine\shyengine\shyengine\debug\module.obj
c:\users\nicol\onedrive\desktop\git projects\shy-engine\shyengine\shyengine\debug\resourcesmanager.obj
c:\users\nicol\onedrive\desktop\git projects\shy-engine\shyengine\shyengine\debug\picopng.obj
c:\users\nicol\onedrive\desktop\git projects\shy-engine\shyengine\shyengine\debug\imageloader.obj
c:\users\nicol\onedrive\desktop\git projects\shy-engine\shyengine\shyengine\debug\audioengine.obj
c:\users\nicol\onedrive\desktop\git projects\shy-engine\shyengine\shyengine\debug\utility.obj
c:\users\nicol\onedrive\desktop\git projects\shy-engine\shyengine\shyengine\debug\idgenerator.obj
c:\users\nicol\onedrive\desktop\git projects\shy-engine\shyengine\shyengine\debug\error.obj
c:\users\nicol\onedrive\desktop\git projects\shy-engine\shyengine\shyengine\debug\spritefont.obj
c:\users\nicol\onedrive\desktop\git projects\shy-engine\shyengine\shyengine\debug\timing.obj
c:\users\nicol\onedrive\desktop\git projects\shy-engine\shyengine\shyengine\debug\shyengine.obj
c:\users\nicol\onedrive\desktop\git projects\shy-engine\shyengine\shyengine\debug\shyengine.tlog\cl.command.1.tlog
c:\users\nicol\onedrive\desktop\git projects\shy-engine\shyengine\shyengine\debug\shyengine.tlog\cl.read.1.tlog
c:\users\nicol\onedrive\desktop\git projects\shy-engine\shyengine\shyengine\debug\shyengine.tlog\cl.write.1.tlog
